[debug] [2023-02-07T21:48:12.274Z] ----------------------------------------------------------------------
[debug] [2023-02-07T21:48:12.275Z] Command:       C:\Program Files\nodejs\node.exe C:\Users\asus\AppData\Roaming\npm\node_modules\firebase-tools\lib\bin\firebase.js init
[debug] [2023-02-07T21:48:12.276Z] CLI Version:   11.22.0
[debug] [2023-02-07T21:48:12.276Z] Platform:      win32
[debug] [2023-02-07T21:48:12.276Z] Node Version:  v18.12.1
[debug] [2023-02-07T21:48:12.277Z] Time:          Wed Feb 08 2023 03:18:12 GMT+0530 (India Standard Time)
[debug] [2023-02-07T21:48:12.278Z] ----------------------------------------------------------------------
[debug] 
[debug] [2023-02-07T21:48:12.285Z] > command requires scopes: ["email","openid","https://www.googleapis.com/auth/cloudplatformprojects.readonly","https://www.googleapis.com/auth/firebase","https://www.googleapis.com/auth/cloud-platform"]
[debug] [2023-02-07T21:48:12.285Z] > authorizing via signed-in user (hari1752002@gmail.com)
[info] 
     ######## #### ########  ######## ########     ###     ######  ########
     ##        ##  ##     ## ##       ##     ##  ##   ##  ##       ##
     ######    ##  ########  ######   ########  #########  ######  ######
     ##        ##  ##    ##  ##       ##     ## ##     ##       ## ##
     ##       #### ##     ## ######## ########  ##     ##  ######  ########

You're about to initialize a Firebase project in this directory:

  H:\KRUTHIKA

[info] 
=== Project Setup
[info] 
[info] First, let's associate this project directory with a Firebase project.
[info] You can create multiple project aliases by running firebase use --add, 
[info] but for now we'll just set up a default project.
[info] 
[debug] [2023-02-07T21:48:20.896Z] >>> [apiv2][query] GET https://firebase.googleapis.com/v1beta1/projects pageSize=100
[debug] [2023-02-07T21:48:21.814Z] <<< [apiv2][status] GET https://firebase.googleapis.com/v1beta1/projects 200
[debug] [2023-02-07T21:48:21.815Z] <<< [apiv2][body] GET https://firebase.googleapis.com/v1beta1/projects [omitted]
[info] i  Using project kruthika-ef7cd (kruthika) 
[info] 
=== Hosting Setup
[info] 
[info] Your public directory is the folder (relative to your project directory) that
[info] will contain Hosting assets to be uploaded with firebase deploy. If you
[info] have a build process for your assets, use your build's output directory.
[info] 
[debug] [2023-02-07T21:52:42.458Z] ----------------------------------------------------------------------
[debug] [2023-02-07T21:52:42.460Z] Command:       C:\Program Files\nodejs\node.exe C:\Users\asus\AppData\Roaming\npm\node_modules\firebase-tools\lib\bin\firebase.js init
[debug] [2023-02-07T21:52:42.461Z] CLI Version:   11.22.0
[debug] [2023-02-07T21:52:42.461Z] Platform:      win32
[debug] [2023-02-07T21:52:42.461Z] Node Version:  v18.12.1
[debug] [2023-02-07T21:52:42.462Z] Time:          Wed Feb 08 2023 03:22:42 GMT+0530 (India Standard Time)
[debug] [2023-02-07T21:52:42.462Z] ----------------------------------------------------------------------
[debug] 
[debug] [2023-02-07T21:52:42.469Z] > command requires scopes: ["email","openid","https://www.googleapis.com/auth/cloudplatformprojects.readonly","https://www.googleapis.com/auth/firebase","https://www.googleapis.com/auth/cloud-platform"]
[debug] [2023-02-07T21:52:42.470Z] > authorizing via signed-in user (hari1752002@gmail.com)
[info] 
     ######## #### ########  ######## ########     ###     ######  ########
     ##        ##  ##     ## ##       ##     ##  ##   ##  ##       ##
     ######    ##  ########  ######   ########  #########  ######  ######
     ##        ##  ##    ##  ##       ##     ## ##     ##       ## ##
     ##       #### ##     ## ######## ########  ##     ##  ######  ########

You're about to initialize a Firebase project in this directory:

  H:\KRUTHIKA

[info] 
=== Project Setup
[info] 
[info] First, let's associate this project directory with a Firebase project.
[info] You can create multiple project aliases by running firebase use --add, 
[info] but for now we'll just set up a default project.
[info] 
[debug] [2023-02-07T21:52:51.831Z] >>> [apiv2][query] GET https://firebase.googleapis.com/v1beta1/projects pageSize=100
[debug] [2023-02-07T21:52:52.771Z] <<< [apiv2][status] GET https://firebase.googleapis.com/v1beta1/projects 200
[debug] [2023-02-07T21:52:52.772Z] <<< [apiv2][body] GET https://firebase.googleapis.com/v1beta1/projects [omitted]
[info] i  Using project kruthika-ef7cd (kruthika) 
[info] 
=== Hosting Setup
[info] 
[info] Your public directory is the folder (relative to your project directory) that
[info] will contain Hosting assets to be uploaded with firebase deploy. If you
[info] have a build process for your assets, use your build's output directory.
[info] 
